=================================
Timestamp       : 2024-12-30 13:09:31
CPU Usage       : 100%
RAM Usage       : 30.3775% (1175 MB / 3868 MB)
Network Sent    : 0.07 MB
Network Received: 0.47 MB
=================================
=================================
Timestamp       : 2024-12-30 13:16:24
CPU Usage       : 100%
RAM Usage       : 30.1965% (1168 MB / 3868 MB)
Network Sent    : 0.07 MB
Network Received: 0.54 MB
=================================
=================================
Timestamp       : 2024-12-30 13:17:42
CPU Usage       : 100%
RAM Usage       : 30.9462% (1197 MB / 3868 MB)
Network Sent    : 0.08 MB
Network Received: 0.55 MB
=================================
